<?xml version="1.0" encoding="UTF-8"?>
<!-- Generated by org.testng.reporters.JUnitXMLReporter -->
<testsuite ignored="0" hostname="LAPTOP-1HREEBHP" failures="0" tests="6" name="Cards" time="0.172" errors="0" timestamp="2023-12-06T19:48:17 IST">
  <testcase classname="TestNG.Bank_Cards" name="CreditCards" time="0.019"/>
  <testcase classname="TestNG.Bank_Cards" name="DebitCards" time="0.005"/>
  <testcase classname="TestNG.Bank_Cards" name="HealthCards" time="0.006"/>
  <testcase classname="TestNG.Bank_Cards" name="InsuranceCards" time="0.007"/>
  <testcase classname="TestNG.TestNG_Demo" name="Test1" time="0.005"/>
  <testcase classname="TestNG.TestNG_Demo" name="Test2" time="0.01"/>
</testsuite> <!-- Cards -->
