<?xml version="1.0" encoding="UTF-8"?>
<!-- Generated by org.testng.reporters.JUnitXMLReporter -->
<testsuite ignored="1" hostname="LAPTOP-1HREEBHP" failures="0" tests="4" name="Cards" time="8.83" errors="0" timestamp="2023-12-17T01:02:51 IST">
  <testcase classname="SelPackage.SL_LP1" name="InvPage" time="0.47"/>
  <testcase classname="SelPackage.SL_LP1" name="CartPage" time="0.196"/>
  <testcase classname="SelPackage.SL_LP1" name="ChkoutPage" time="0.534"/>
  <testcase classname="SelPackage.SL_LP1" name="ReviewPage" time="0.104"/>
  <testcase classname="SelPackage.TNG_SL_LoginPage" name="AppLogin" time="0.0">
    <ignored/>
  </testcase> <!-- AppLogin -->
</testsuite> <!-- Cards -->
