<?xml version="1.0" encoding="UTF-8"?>
<!-- Generated by org.testng.reporters.JUnitXMLReporter -->
<testsuite ignored="0" hostname="LAPTOP-1HREEBHP" failures="0" tests="3" name="Loans" time="0.059" errors="0" timestamp="2023-12-07T20:19:01 IST">
  <testcase classname="TestNG.Bank_Loans" name="Bank_carLoans" time="0.006"/>
  <testcase classname="TestNG.Bank_Loans" name="Bank_homeLoans" time="0.006"/>
  <testcase classname="TestNG.Bank_Loans" name="Bank_personalLoans" time="0.004"/>
</testsuite> <!-- Loans -->
