<?xml version="1.0" encoding="UTF-8"?>
<!-- Generated by org.testng.reporters.JUnitXMLReporter -->
<testsuite ignored="6" hostname="LAPTOP-1HREEBHP" failures="0" tests="3" name="SmokeTest" time="0.146" errors="0" timestamp="2023-12-09T01:03:05 IST">
  <testcase classname="TestNG.Bank_Cards" name="DebitCards" time="0.025"/>
  <testcase classname="TestNG.TestNG_Demo" name="Test2" time="0.003"/>
  <testcase classname="TestNG.Bank_Loans" name="Bank_homeLoans" time="0.002"/>
  <testcase classname="TestNG.Bank_Cards" name="CreditCards" time="0.0">
    <ignored/>
  </testcase> <!-- CreditCards -->
  <testcase classname="TestNG.Bank_Loans" name="Bank_carLoans" time="0.0">
    <ignored/>
  </testcase> <!-- Bank_carLoans -->
  <testcase classname="TestNG.TestNG_Demo" name="Test1" time="0.0">
    <ignored/>
  </testcase> <!-- Test1 -->
  <testcase classname="TestNG.Bank_Cards" name="HealthCards" time="0.0">
    <ignored/>
  </testcase> <!-- HealthCards -->
  <testcase classname="TestNG.Bank_Loans" name="Bank_personalLoans" time="0.0">
    <ignored/>
  </testcase> <!-- Bank_personalLoans -->
  <testcase classname="TestNG.Bank_Cards" name="InsuranceCards" time="0.0">
    <ignored/>
  </testcase> <!-- InsuranceCards -->
</testsuite> <!-- SmokeTest -->
